{"email":"spalavala@aapssol.com","level":"info","message":"User login successful","timestamp":"2025-03-17 11:38:27","userId":1}
{"count":9,"level":"info","message":"Fetched all users successfully","timestamp":"2025-03-17 11:38:45"}
{"count":9,"level":"info","message":"Fetched all users successfully","timestamp":"2025-03-17 11:38:45"}
{"email":"spalavala@aapssol.com","level":"info","message":"User login successful","timestamp":"2025-03-17 13:19:28","userId":1}
{"email":"spalavala@aapssol.com","level":"info","message":"User login successful","timestamp":"2025-03-17 14:44:55","userId":1}
{"count":9,"level":"info","message":"Fetched all users successfully","timestamp":"2025-03-17 14:45:00"}
{"count":9,"level":"info","message":"Fetched all users successfully","timestamp":"2025-03-17 14:45:00"}
{"level":"info","message":"User soft-deleted successfully","timestamp":"2025-03-17 14:45:10","userId":15}
{"level":"info","message":"User restored successfully","timestamp":"2025-03-17 14:45:17","userId":15}
{"count":9,"level":"info","message":"Fetched all users successfully","timestamp":"2025-03-17 14:45:47"}
{"count":9,"level":"info","message":"Fetched all users successfully","timestamp":"2025-03-17 14:45:47"}
{"level":"info","message":"User soft-deleted successfully","timestamp":"2025-03-17 14:45:49","userId":15}
{"email":"spalavala@aapssol.com","level":"info","message":"User login successful","timestamp":"2025-03-22 18:50:43","userId":1}
{"email":"spalavala@aapssol.com","level":"info","message":"User login successful","timestamp":"2025-03-22 19:08:30","userId":1}
{"count":8,"level":"info","message":"Fetched all users successfully","timestamp":"2025-03-22 19:14:39"}
{"count":8,"level":"info","message":"Fetched all users successfully","timestamp":"2025-03-22 19:14:39"}
{"email":"spalavala@aapssol.com","level":"info","message":"User login successful","timestamp":"2025-03-23 12:28:44","userId":1}
{"count":8,"level":"info","message":"Fetched all users successfully","timestamp":"2025-03-23 12:29:59"}
{"count":8,"level":"info","message":"Fetched all users successfully","timestamp":"2025-03-23 12:29:59"}
{"email":"spalavala@aapssol.com","level":"info","message":"User login successful","timestamp":"2025-03-23 15:28:39","userId":1}
{"email":"spalavala@aapssol.com","level":"info","message":"User login successful","timestamp":"2025-03-25 12:14:29","userId":1}
{"count":8,"level":"info","message":"Fetched all users successfully","timestamp":"2025-03-25 12:29:11"}
{"count":8,"level":"info","message":"Fetched all users successfully","timestamp":"2025-03-25 12:29:11"}
{"email":"spalavala@aapssol.com","level":"info","message":"User login successful","timestamp":"2025-03-25 13:39:21","userId":1}
{"count":8,"level":"info","message":"Fetched all users successfully","timestamp":"2025-03-25 13:39:25"}
{"count":8,"level":"info","message":"Fetched all users successfully","timestamp":"2025-03-25 13:39:25"}
{"email":"spalavala@aapssol.com","level":"info","message":"User login successful","timestamp":"2025-03-25 15:52:18","userId":1}
{"email":"spalavala@aapssol.com","level":"info","message":"User login successful","timestamp":"2025-03-26 10:35:06","userId":1}
{"email":"spalavala@aapssol.com","level":"info","message":"User login successful","timestamp":"2025-03-26 12:49:13","userId":1}
{"email":"spalavala@aapssol.com","level":"info","message":"User login successful","timestamp":"2025-03-26 13:30:47","userId":1}
{"email":"spalavala@aapssol.com","level":"info","message":"User login successful","timestamp":"2025-03-26 15:21:39","userId":1}
{"email":"spalavala@aapssol.com","level":"info","message":"User login successful","timestamp":"2025-03-26 15:28:39","userId":1}
{"email":"spalavala@aapssol.com","level":"info","message":"User login successful","timestamp":"2025-03-26 16:43:31","userId":1}
{"email":"spalavala@aapssol.com","level":"info","message":"User login successful","timestamp":"2025-03-26 18:49:06","userId":1}
{"email":"spalavala@aapssol.com","level":"info","message":"User login successful","timestamp":"2025-03-26 19:12:03","userId":1}
{"email":"spalavala@aapssol.com","level":"info","message":"User login successful","timestamp":"2025-03-31 13:30:27","userId":1}
{"email":"palavalasai1@gmail.com","level":"info","message":"User login successful","timestamp":"2025-04-15 07:51:54","userId":12}
{"email":"spalavala@aapssol.com","level":"info","message":"User login successful","timestamp":"2025-04-15 07:52:03","userId":1}
{"count":8,"level":"info","message":"Fetched all users successfully","timestamp":"2025-04-15 07:52:13"}
{"count":8,"level":"info","message":"Fetched all users successfully","timestamp":"2025-04-15 07:52:13"}
{"count":8,"level":"info","message":"Fetched all users successfully","timestamp":"2025-04-15 07:52:24"}
{"count":8,"level":"info","message":"Fetched all users successfully","timestamp":"2025-04-15 07:52:24"}
{"email":"spalavala@aapssol.com","level":"info","message":"User login successful","timestamp":"2025-04-16 09:05:06","userId":1}
{"email":"spalavala@aapssol.com","level":"info","message":"User login successful","timestamp":"2025-04-16 09:38:40","userId":1}
{"email":"spalavala@aapssol.com","level":"info","message":"User login successful","timestamp":"2025-04-16 09:43:49","userId":1}
{"email":"spalavala@aapssol.com","level":"info","message":"User login successful","timestamp":"2025-04-16 09:44:03","userId":1}
{"email":"spalavala@aapssol.com","level":"info","message":"User login successful","timestamp":"2025-04-16 12:54:48","userId":1}
{"count":8,"level":"info","message":"Fetched all users successfully","timestamp":"2025-04-16 12:55:02"}
{"count":8,"level":"info","message":"Fetched all users successfully","timestamp":"2025-04-16 12:55:02"}
{"count":8,"level":"info","message":"Fetched all users successfully","timestamp":"2025-04-16 12:55:10"}
{"count":8,"level":"info","message":"Fetched all users successfully","timestamp":"2025-04-16 12:55:10"}
{"email":"spalavala@aapssol.com","level":"info","message":"User login successful","timestamp":"2025-04-16 17:21:21","userId":1}
{"email":"spalavala@aapssol.com","level":"info","message":"User login successful","timestamp":"2025-04-17 13:28:50","userId":1}
{"email":"spalavala@aapssol.com","level":"info","message":"User login successful","timestamp":"2025-04-21 11:57:16","userId":1}
{"email":"spalavala@aapssol.com","level":"info","message":"User login successful","timestamp":"2025-04-21 13:46:19","userId":1}
{"email":"spalavala@aapssol.com","level":"info","message":"User login successful","timestamp":"2025-04-21 14:00:23","userId":1}
{"email":"spalavala@aapssol.com","level":"info","message":"User login successful","timestamp":"2025-04-22 15:57:22","userId":1}
{"email":"spalavala@aapssol.com","level":"info","message":"User login successful","timestamp":"2025-04-22 19:14:18","userId":1}
{"email":"spalavala@aapssol.com","level":"info","message":"User login successful","timestamp":"2025-04-22 19:35:11","userId":1}
{"email":"spalavala@aapssol.com","level":"info","message":"User login successful","timestamp":"2025-04-22 19:49:14","userId":1}
{"email":"spalavala@aapssol.com","level":"info","message":"User login successful","timestamp":"2025-04-23 14:52:30","userId":1}
{"email":"spalavala@aapssol.com","level":"info","message":"User login successful","timestamp":"2025-04-23 15:07:46","userId":1}
{"email":"spalavala@aapssol.com","level":"info","message":"User login successful","timestamp":"2025-04-23 19:38:08","userId":1}
{"count":8,"level":"info","message":"Fetched all users successfully","timestamp":"2025-04-23 19:48:01"}
{"count":8,"level":"info","message":"Fetched all users successfully","timestamp":"2025-04-23 19:48:01"}
{"count":8,"level":"info","message":"Fetched all users successfully","timestamp":"2025-04-23 19:48:07"}
{"count":8,"level":"info","message":"Fetched all users successfully","timestamp":"2025-04-23 19:48:07"}
{"count":8,"level":"info","message":"Fetched all users successfully","timestamp":"2025-04-23 19:55:40"}
{"count":8,"level":"info","message":"Fetched all users successfully","timestamp":"2025-04-23 19:55:40"}
{"email":"spalavala@aapssol.com","level":"info","message":"User login successful","timestamp":"2025-04-23 20:39:37","userId":1}
{"error":"refreshToken is not defined","level":"error","message":"Error during login","timestamp":"2025-04-23 20:39:37"}
{"email":"spalavala@aapssol.com","level":"info","message":"User login successful","timestamp":"2025-04-23 20:43:39","userId":1}
{"email":"spalavala@aapssol.com","level":"info","message":"User login successful","timestamp":"2025-04-23 20:44:32","userId":1}
{"email":"spalavala@aapssol.com","level":"info","message":"User login successful","timestamp":"2025-04-23 20:49:07","userId":1}
{"email":"spalavala@aapssol.com","level":"info","message":"User login successful","timestamp":"2025-04-23 20:51:06","userId":1}
{"email":"spalavala@aapssol.com","level":"info","message":"User login successful","timestamp":"2025-04-23 20:52:24","userId":1}
{"email":"spalavala@aapssol.com","level":"info","message":"User login successful","timestamp":"2025-04-23 21:04:36","userId":1}
{"email":"spalavala@aapssol.com","level":"info","message":"User login successful","timestamp":"2025-04-23 21:04:49","userId":1}
{"email":"spalavala@aapssol.com","level":"info","message":"User login successful","timestamp":"2025-04-23 21:05:49","userId":1}
{"email":"spalavala@aapssol.com","level":"info","message":"User login successful","timestamp":"2025-04-23 21:11:18","userId":1}
{"email":"spalavala@aapssol.com","level":"info","message":"User login successful","timestamp":"2025-04-23 21:11:50","userId":1}
{"email":"spalavala@aapssol.com","level":"info","message":"User login successful","timestamp":"2025-04-23 21:25:23","userId":1}
{"email":"spalavala@aapssol.com","level":"info","message":"User login successful","timestamp":"2025-04-24 06:18:08","userId":1}
{"email":"spalavala@aapssol.com","level":"info","message":"User login successful","timestamp":"2025-04-24 06:18:30","userId":1}
{"email":"spalavala@aapssol.com","level":"info","message":"User login successful","timestamp":"2025-04-24 06:18:47","userId":1}
{"email":"spalavala@aapssol.com","level":"info","message":"User login successful","timestamp":"2025-04-24 06:52:11","userId":1}
{"email":"spalavala@aapssol.com","level":"info","message":"User login successful","timestamp":"2025-04-24 06:52:52","userId":1}
{"email":"spalavala@aapssol.com","level":"info","message":"User login successful","timestamp":"2025-04-24 06:53:45","userId":1}
{"email":"spalavala@aapssol.com","level":"info","message":"User login successful","timestamp":"2025-04-24 06:54:05","userId":1}
{"email":"spalavala@aapssol.com","level":"info","message":"User login successful","timestamp":"2025-04-24 06:54:09","userId":1}
{"email":"spalavala@aapssol.com","level":"info","message":"User login successful","timestamp":"2025-04-24 07:06:37","userId":1}
{"email":"spalavala@aapssol.com","level":"info","message":"User login successful","timestamp":"2025-04-24 07:23:15","userId":1}
{"email":"spalavala@aapssol.com","level":"info","message":"User login successful","timestamp":"2025-04-24 07:23:50","userId":1}
{"count":8,"level":"info","message":"Fetched all users successfully","timestamp":"2025-04-24 07:24:06"}
{"count":8,"level":"info","message":"Fetched all users successfully","timestamp":"2025-04-24 07:24:06"}
{"count":8,"level":"info","message":"Fetched all users successfully","timestamp":"2025-04-24 07:24:14"}
{"count":8,"level":"info","message":"Fetched all users successfully","timestamp":"2025-04-24 07:24:14"}
{"email":"spalavala@aapssol.com","level":"info","message":"User login successful","timestamp":"2025-04-24 07:34:12","userId":1}
{"email":"spalavala@aapssol.com","level":"info","message":"User login successful","timestamp":"2025-04-24 07:46:26","userId":1}
{"email":"spalavala@aapssol.com","level":"info","message":"User login successful","timestamp":"2025-04-24 07:46:53","userId":1}
{"email":"spalavala@aapssol.com","level":"info","message":"User login successful","timestamp":"2025-04-24 07:47:36","userId":1}
{"count":8,"level":"info","message":"Fetched all users successfully","timestamp":"2025-04-24 07:47:45"}
{"count":8,"level":"info","message":"Fetched all users successfully","timestamp":"2025-04-24 07:47:45"}
{"email":"palavalasai1@gmail.com","level":"info","message":"User login successful","timestamp":"2025-04-24 07:48:06","userId":12}
{"email":"spalavala@aapssol.com","level":"info","message":"User login successful","timestamp":"2025-04-24 07:48:28","userId":1}
{"email":"spalavala@aapssol.com","level":"info","message":"User login successful","timestamp":"2025-04-24 07:54:45","userId":1}
{"email":"spalavala@aapssol.com","level":"info","message":"User login successful","timestamp":"2025-04-24 07:57:09","userId":1}
{"email":"spalavala@aapssol.com","level":"info","message":"User login successful","timestamp":"2025-04-24 08:08:33","userId":1}
{"count":8,"level":"info","message":"Fetched all users successfully","timestamp":"2025-04-24 08:08:44"}
{"count":8,"level":"info","message":"Fetched all users successfully","timestamp":"2025-04-24 08:08:44"}
{"count":8,"level":"info","message":"Fetched all users successfully","timestamp":"2025-04-24 08:08:45"}
{"count":8,"level":"info","message":"Fetched all users successfully","timestamp":"2025-04-24 08:08:46"}
{"count":8,"level":"info","message":"Fetched all users successfully","timestamp":"2025-04-24 08:08:47"}
{"count":8,"level":"info","message":"Fetched all users successfully","timestamp":"2025-04-24 08:08:48"}
{"count":8,"level":"info","message":"Fetched all users successfully","timestamp":"2025-04-24 08:08:49"}
{"email":"spalavala@aapssol.com","level":"info","message":"User login successful","timestamp":"2025-04-24 08:11:36","userId":1}
{"email":"spalavala@aapssol.com","level":"info","message":"User login successful","timestamp":"2025-04-24 08:37:13","userId":1}
{"email":"spalavala@aapssol.com","level":"info","message":"User login successful","timestamp":"2025-04-24 13:52:45","userId":1}
{"email":"sainath@cloudzenix.com","level":"info","message":"User registered successfully","role":"Super Admin","timestamp":"2025-04-24 13:53:40","userId":16}
{"email":"sainath@cloudzenix.com","level":"warn","message":"Attempt to register existing active user","timestamp":"2025-04-24 13:57:22"}
{"email":"sainath@cloudzenixa.com","level":"info","message":"User registered successfully","role":"Warehouse Manager","timestamp":"2025-04-24 13:57:43","userId":17}
{"count":10,"level":"info","message":"Fetched all users successfully","timestamp":"2025-04-24 13:57:53"}
{"count":10,"level":"info","message":"Fetched all users successfully","timestamp":"2025-04-24 13:57:53"}
{"level":"info","message":"User soft-deleted successfully","timestamp":"2025-04-24 13:58:06","userId":17}
{"level":"info","message":"User soft-deleted successfully","timestamp":"2025-04-24 13:58:13","userId":16}
{"level":"info","message":"User restored successfully","timestamp":"2025-04-24 13:59:13","userId":16}
{"count":9,"level":"info","message":"Fetched all users successfully","timestamp":"2025-04-24 14:42:23"}
{"email":"spalavala@aapssol.com","level":"info","message":"User login successful","timestamp":"2025-04-24 14:42:43","userId":1}
{"count":9,"level":"info","message":"Fetched all users successfully","timestamp":"2025-04-24 14:42:59"}
{"count":9,"level":"info","message":"Fetched all users successfully","timestamp":"2025-04-24 14:42:59"}
{"count":9,"level":"info","message":"Fetched all users successfully","timestamp":"2025-04-24 14:43:00"}
{"count":9,"level":"info","message":"Fetched all users successfully","timestamp":"2025-04-24 14:43:01"}
{"count":9,"level":"info","message":"Fetched all users successfully","timestamp":"2025-04-24 14:43:02"}
{"count":9,"level":"info","message":"Fetched all users successfully","timestamp":"2025-04-24 14:43:03"}
{"level":"info","message":"User soft-deleted successfully","timestamp":"2025-04-24 14:43:04","userId":16}
{"count":8,"level":"info","message":"Fetched all users successfully","timestamp":"2025-04-24 14:43:04"}
{"count":8,"level":"info","message":"Fetched all users successfully","timestamp":"2025-04-24 14:43:05"}
{"count":8,"level":"info","message":"Fetched all users successfully","timestamp":"2025-04-24 14:43:06"}
{"count":8,"level":"info","message":"Fetched all users successfully","timestamp":"2025-04-24 14:43:07"}
{"count":8,"level":"info","message":"Fetched all users successfully","timestamp":"2025-04-24 14:43:08"}
{"count":8,"level":"info","message":"Fetched all users successfully","timestamp":"2025-04-24 14:43:09"}
{"count":8,"level":"info","message":"Fetched all users successfully","timestamp":"2025-04-24 14:43:10"}
{"count":8,"level":"info","message":"Fetched all users successfully","timestamp":"2025-04-24 14:43:11"}
{"count":8,"level":"info","message":"Fetched all users successfully","timestamp":"2025-04-24 14:43:12"}
{"level":"info","message":"User soft-deleted successfully","timestamp":"2025-04-24 14:43:54","userId":13}
{"level":"info","message":"User restored successfully","timestamp":"2025-04-24 14:46:27","userId":16}
{"email":"viveksagar@gmail.com","level":"info","message":"User registered successfully","role":"Warehouse Manager","timestamp":"2025-04-24 14:47:26","userId":18}
{"email":"sainathreddypalavala8@gmail.com","level":"info","message":"User registered successfully","role":"Warehouse Manager","timestamp":"2025-04-24 14:52:55","userId":19}
{"email":"sainathreddypalavala8s@gmail.com","level":"info","message":"User registered successfully","role":"Warehouse Worker","timestamp":"2025-04-24 14:59:14","userId":20}
{"email":"sainathreddypalavala8sa@gmail.com","level":"info","message":"User registered successfully","role":"Warehouse Worker","timestamp":"2025-04-24 15:03:04","userId":21}
{"email":"sainathreddypalavala8sai@gmail.com","level":"info","message":"User registered successfully","role":"Warehouse Worker","timestamp":"2025-04-24 15:09:13","userId":22}
{"email":"spalavala@aapssol.com","level":"info","message":"User login successful","timestamp":"2025-04-24 15:10:51","userId":1}
{"email":"spalavala@aapssol.com","level":"info","message":"User login successful","timestamp":"2025-04-24 15:11:25","userId":1}
{"count":13,"level":"info","message":"Fetched all users successfully","timestamp":"2025-04-24 15:11:30"}
{"count":13,"level":"info","message":"Fetched all users successfully","timestamp":"2025-04-24 15:11:30"}
{"count":13,"level":"info","message":"Fetched all users successfully","timestamp":"2025-04-24 15:11:31"}
{"count":13,"level":"info","message":"Fetched all users successfully","timestamp":"2025-04-24 15:11:32"}
{"count":13,"level":"info","message":"Fetched all users successfully","timestamp":"2025-04-24 15:11:33"}
{"count":13,"level":"info","message":"Fetched all users successfully","timestamp":"2025-04-24 15:11:34"}
{"count":13,"level":"info","message":"Fetched all users successfully","timestamp":"2025-04-24 15:11:35"}
{"email":"spalavala@aapssol.com","level":"info","message":"User login successful","timestamp":"2025-04-24 15:11:47","userId":1}
{"email":"spalavala@aapssol.com","level":"info","message":"User login successful","timestamp":"2025-04-24 15:11:54","userId":1}
{"count":13,"level":"info","message":"Fetched all users successfully","timestamp":"2025-04-24 15:11:56"}
{"count":13,"level":"info","message":"Fetched all users successfully","timestamp":"2025-04-24 15:11:56"}
{"count":13,"level":"info","message":"Fetched all users successfully","timestamp":"2025-04-24 15:11:57"}
{"count":13,"level":"info","message":"Fetched all users successfully","timestamp":"2025-04-24 15:11:58"}
{"count":13,"level":"info","message":"Fetched all users successfully","timestamp":"2025-04-24 15:11:59"}
{"count":13,"level":"info","message":"Fetched all users successfully","timestamp":"2025-04-24 15:12:00"}
{"count":13,"level":"info","message":"Fetched all users successfully","timestamp":"2025-04-24 15:12:01"}
{"count":13,"level":"info","message":"Fetched all users successfully","timestamp":"2025-04-24 15:12:02"}
{"level":"info","message":"User soft-deleted successfully","timestamp":"2025-04-24 15:12:02","userId":19}
{"count":12,"level":"info","message":"Fetched all users successfully","timestamp":"2025-04-24 15:12:04"}
{"count":12,"level":"info","message":"Fetched all users successfully","timestamp":"2025-04-24 15:12:05"}
{"count":12,"level":"info","message":"Fetched all users successfully","timestamp":"2025-04-24 15:12:06"}
{"level":"info","message":"User soft-deleted successfully","timestamp":"2025-04-24 15:12:06","userId":20}
{"count":11,"level":"info","message":"Fetched all users successfully","timestamp":"2025-04-24 15:12:07"}
{"count":11,"level":"info","message":"Fetched all users successfully","timestamp":"2025-04-24 15:12:08"}
{"count":11,"level":"info","message":"Fetched all users successfully","timestamp":"2025-04-24 15:12:09"}
{"level":"info","message":"User soft-deleted successfully","timestamp":"2025-04-24 15:12:09","userId":18}
{"count":10,"level":"info","message":"Fetched all users successfully","timestamp":"2025-04-24 15:12:11"}
{"count":10,"level":"info","message":"Fetched all users successfully","timestamp":"2025-04-24 15:12:12"}
{"count":10,"level":"info","message":"Fetched all users successfully","timestamp":"2025-04-24 15:12:13"}
{"level":"info","message":"User soft-deleted successfully","timestamp":"2025-04-24 15:12:13","userId":16}
{"count":9,"level":"info","message":"Fetched all users successfully","timestamp":"2025-04-24 15:12:14"}
{"count":9,"level":"info","message":"Fetched all users successfully","timestamp":"2025-04-24 15:12:15"}
{"count":9,"level":"info","message":"Fetched all users successfully","timestamp":"2025-04-24 15:12:16"}
{"count":9,"level":"info","message":"Fetched all users successfully","timestamp":"2025-04-24 15:12:17"}
{"count":9,"level":"info","message":"Fetched all users successfully","timestamp":"2025-04-24 15:12:18"}
{"level":"info","message":"User soft-deleted successfully","timestamp":"2025-04-24 15:12:18","userId":21}
{"count":8,"level":"info","message":"Fetched all users successfully","timestamp":"2025-04-24 15:12:20"}
{"count":8,"level":"info","message":"Fetched all users successfully","timestamp":"2025-04-24 15:12:21"}
{"level":"info","message":"User soft-deleted successfully","timestamp":"2025-04-24 15:12:21","userId":22}
{"count":7,"level":"info","message":"Fetched all users successfully","timestamp":"2025-04-24 15:12:22"}
{"count":7,"level":"info","message":"Fetched all users successfully","timestamp":"2025-04-24 15:12:23"}
{"count":7,"level":"info","message":"Fetched all users successfully","timestamp":"2025-04-24 15:12:24"}
{"count":7,"level":"info","message":"Fetched all users successfully","timestamp":"2025-04-24 15:12:25"}
{"count":7,"level":"info","message":"Fetched all users successfully","timestamp":"2025-04-24 15:12:26"}
{"count":7,"level":"info","message":"Fetched all users successfully","timestamp":"2025-04-24 15:12:27"}
{"count":7,"level":"info","message":"Fetched all users successfully","timestamp":"2025-04-24 15:12:28"}
{"level":"info","message":"User soft-deleted successfully","timestamp":"2025-04-24 15:12:28","userId":3}
{"count":6,"level":"info","message":"Fetched all users successfully","timestamp":"2025-04-24 15:12:29"}
{"count":6,"level":"info","message":"Fetched all users successfully","timestamp":"2025-04-24 15:12:30"}
{"count":6,"level":"info","message":"Fetched all users successfully","timestamp":"2025-04-24 15:12:31"}
{"level":"info","message":"User restored successfully","timestamp":"2025-04-24 15:13:19","userId":18}
{"count":7,"level":"info","message":"Fetched all users successfully","timestamp":"2025-04-24 15:13:22"}
{"count":7,"level":"info","message":"Fetched all users successfully","timestamp":"2025-04-24 15:13:22"}
{"level":"info","message":"User soft-deleted successfully","timestamp":"2025-04-24 15:13:26","userId":18}
{"level":"info","message":"User restored successfully","timestamp":"2025-04-24 15:13:35","userId":18}
{"email":"spalavala@aapssol.com","level":"info","message":"User login successful","timestamp":"2025-04-24 19:06:42","userId":1}
{"email":"spalavala@aapssol.com","level":"info","message":"User login successful","timestamp":"2025-04-24 19:07:07","userId":1}
{"email":"spalavala@aapssol.com","level":"info","message":"User login successful","timestamp":"2025-04-24 19:07:20","userId":1}
{"email":"spalavala@aapssol.com","level":"info","message":"User login successful","timestamp":"2025-04-24 19:07:45","userId":1}
{"email":"spalavala@aapssol.com","level":"info","message":"User login successful","timestamp":"2025-04-24 19:34:59","userId":1}
{"email":"spalavala@aapssol.com","level":"info","message":"User login successful","timestamp":"2025-04-24 19:35:05","userId":1}
{"email":"spalavala@aapssol.com","level":"info","message":"User login successful","timestamp":"2025-04-24 19:35:22","userId":1}
{"email":"spalavala@aapssol.com","level":"info","message":"User login successful","timestamp":"2025-04-24 19:35:35","userId":1}
{"count":7,"level":"info","message":"Fetched all users successfully","timestamp":"2025-04-24 19:42:13"}
{"count":7,"level":"info","message":"Fetched all users successfully","timestamp":"2025-04-24 19:42:13"}
{"error":"UserLocationAccess is not defined","level":"error","message":"Error fetching users with roles","timestamp":"2025-04-24 19:54:26"}
{"email":"spalavala@aapssol.com","level":"info","message":"User login successful","timestamp":"2025-04-24 19:55:07","userId":1}
{"error":"UserLocationAccess is not defined","level":"error","message":"Error fetching users with roles","timestamp":"2025-04-24 19:55:15"}
{"error":"UserLocationAccess is not defined","level":"error","message":"Error fetching users with roles","timestamp":"2025-04-24 19:55:15"}
{"error":"UserLocationAccess is not defined","level":"error","message":"Error fetching users with roles","timestamp":"2025-04-24 19:55:16"}
{"error":"UserLocationAccess is not defined","level":"error","message":"Error fetching users with roles","timestamp":"2025-04-24 19:55:17"}
{"error":"UserLocationAccess is not defined","level":"error","message":"Error fetching users with roles","timestamp":"2025-04-24 19:55:18"}
{"error":"UserLocationAccess is not defined","level":"error","message":"Error fetching users with roles","timestamp":"2025-04-24 19:55:19"}
{"error":"UserLocationAccess is not defined","level":"error","message":"Error fetching users with roles","timestamp":"2025-04-24 19:55:20"}
{"error":"UserLocationAccess is not defined","level":"error","message":"Error fetching users with roles","timestamp":"2025-04-24 19:55:21"}
{"error":"UserLocationAccess is not defined","level":"error","message":"Error fetching users with roles","timestamp":"2025-04-24 19:55:22"}
{"error":"UserLocationAccess is not defined","level":"error","message":"Error fetching users with roles","timestamp":"2025-04-24 19:55:23"}
{"error":"UserLocationAccess is not defined","level":"error","message":"Error fetching users with roles","timestamp":"2025-04-24 19:55:24"}
{"error":"UserLocationAccess is not defined","level":"error","message":"Error fetching users with roles","timestamp":"2025-04-24 19:55:25"}
{"error":"UserLocationAccess is not defined","level":"error","message":"Error fetching users with roles","timestamp":"2025-04-24 19:55:26"}
{"error":"UserLocationAccess is not defined","level":"error","message":"Error fetching users with roles","timestamp":"2025-04-24 19:55:27"}
{"error":"UserLocationAccess is not defined","level":"error","message":"Error fetching users with roles","timestamp":"2025-04-24 19:55:28"}
{"error":"UserLocationAccess is not defined","level":"error","message":"Error fetching users with roles","timestamp":"2025-04-24 19:55:29"}
{"error":"UserLocationAccess is not defined","level":"error","message":"Error fetching users with roles","timestamp":"2025-04-24 19:55:30"}
{"error":"UserLocationAccess is not defined","level":"error","message":"Error fetching users with roles","timestamp":"2025-04-24 19:56:08"}
{"error":"UserLocationAccess is not defined","level":"error","message":"Error fetching users with roles","timestamp":"2025-04-24 19:56:08"}
{"email":"spalavala@aapssol.com","level":"info","message":"User login successful","timestamp":"2025-04-24 20:01:01","userId":1}
{"error":"Locations is not defined","level":"error","message":"Error fetching users with roles","timestamp":"2025-04-24 20:01:07"}
{"error":"Locations is not defined","level":"error","message":"Error fetching users with roles","timestamp":"2025-04-24 20:01:07"}
{"error":"Locations is not defined","level":"error","message":"Error fetching users with roles","timestamp":"2025-04-24 20:01:08"}
{"error":"Locations is not defined","level":"error","message":"Error fetching users with roles","timestamp":"2025-04-24 20:01:09"}
{"error":"Locations is not defined","level":"error","message":"Error fetching users with roles","timestamp":"2025-04-24 20:01:10"}
{"error":"Locations is not defined","level":"error","message":"Error fetching users with roles","timestamp":"2025-04-24 20:01:11"}
{"error":"Locations is not defined","level":"error","message":"Error fetching users with roles","timestamp":"2025-04-24 20:01:12"}
{"error":"Locations is not defined","level":"error","message":"Error fetching users with roles","timestamp":"2025-04-24 20:01:13"}
{"error":"Locations is not defined","level":"error","message":"Error fetching users with roles","timestamp":"2025-04-24 20:01:14"}
{"error":"Locations is not defined","level":"error","message":"Error fetching users with roles","timestamp":"2025-04-24 20:01:15"}
{"error":"Locations is not defined","level":"error","message":"Error fetching users with roles","timestamp":"2025-04-24 20:01:16"}
{"error":"Locations is not defined","level":"error","message":"Error fetching users with roles","timestamp":"2025-04-24 20:01:17"}
{"error":"Locations is not defined","level":"error","message":"Error fetching users with roles","timestamp":"2025-04-24 20:01:18"}
{"error":"Locations is not defined","level":"error","message":"Error fetching users with roles","timestamp":"2025-04-24 20:01:19"}
{"error":"Locations is not defined","level":"error","message":"Error fetching users with roles","timestamp":"2025-04-24 20:02:01"}
{"error":"Locations is not defined","level":"error","message":"Error fetching users with roles","timestamp":"2025-04-24 20:02:01"}
{"error":"Cannot read properties of undefined (reading 'call')","level":"error","message":"Error fetching users with roles","timestamp":"2025-04-24 20:23:03"}
{"email":"spalavala@aapssol.com","level":"info","message":"User login successful","timestamp":"2025-04-24 20:23:20","userId":1}
{"error":"Cannot read properties of undefined (reading 'call')","level":"error","message":"Error fetching users with roles","timestamp":"2025-04-24 20:23:23"}
{"error":"Cannot read properties of undefined (reading 'call')","level":"error","message":"Error fetching users with roles","timestamp":"2025-04-24 20:23:23"}
{"error":"Cannot read properties of undefined (reading 'call')","level":"error","message":"Error fetching users with roles","timestamp":"2025-04-24 20:23:24"}
{"error":"Cannot read properties of undefined (reading 'call')","level":"error","message":"Error fetching users with roles","timestamp":"2025-04-24 20:23:25"}
{"error":"Cannot read properties of undefined (reading 'call')","level":"error","message":"Error fetching users with roles","timestamp":"2025-04-24 20:23:26"}
{"error":"Cannot read properties of undefined (reading 'call')","level":"error","message":"Error fetching users with roles","timestamp":"2025-04-24 20:23:27"}
{"error":"Cannot read properties of undefined (reading 'call')","level":"error","message":"Error fetching users with roles","timestamp":"2025-04-24 20:23:28"}
{"error":"Cannot read properties of undefined (reading 'call')","level":"error","message":"Error fetching users with roles","timestamp":"2025-04-24 20:23:29"}
{"error":"Cannot read properties of undefined (reading 'call')","level":"error","message":"Error fetching users with roles","timestamp":"2025-04-24 20:23:30"}
{"error":"Cannot read properties of undefined (reading 'call')","level":"error","message":"Error fetching users with roles","timestamp":"2025-04-24 20:23:31"}
{"error":"Cannot read properties of undefined (reading 'call')","level":"error","message":"Error fetching users with roles","timestamp":"2025-04-24 20:23:32"}
{"error":"Cannot read properties of undefined (reading 'call')","level":"error","message":"Error fetching users with roles","timestamp":"2025-04-24 20:23:33"}
{"error":"Cannot read properties of undefined (reading 'call')","level":"error","message":"Error fetching users with roles","timestamp":"2025-04-24 20:23:34"}
{"error":"Cannot read properties of undefined (reading 'call')","level":"error","message":"Error fetching users with roles","timestamp":"2025-04-24 20:23:35"}
{"error":"Cannot read properties of undefined (reading 'call')","level":"error","message":"Error fetching users with roles","timestamp":"2025-04-24 20:23:36"}
{"error":"Cannot read properties of undefined (reading 'call')","level":"error","message":"Error fetching users with roles","timestamp":"2025-04-24 20:23:37"}
{"error":"Cannot read properties of undefined (reading 'call')","level":"error","message":"Error fetching users with roles","timestamp":"2025-04-24 20:23:38"}
{"error":"Cannot read properties of undefined (reading 'call')","level":"error","message":"Error fetching users with roles","timestamp":"2025-04-24 20:23:39"}
{"error":"Cannot read properties of undefined (reading 'call')","level":"error","message":"Error fetching users with roles","timestamp":"2025-04-24 20:23:40"}
{"error":"Cannot read properties of undefined (reading 'call')","level":"error","message":"Error fetching users with roles","timestamp":"2025-04-24 20:23:41"}
{"error":"Cannot read properties of undefined (reading 'call')","level":"error","message":"Error fetching users with roles","timestamp":"2025-04-24 20:23:42"}
{"error":"Cannot read properties of undefined (reading 'call')","level":"error","message":"Error fetching users with roles","timestamp":"2025-04-24 20:23:43"}
{"error":"Cannot read properties of undefined (reading 'call')","level":"error","message":"Error fetching users with roles","timestamp":"2025-04-24 20:23:44"}
{"error":"Cannot read properties of undefined (reading 'call')","level":"error","message":"Error fetching users with roles","timestamp":"2025-04-24 20:23:45"}
{"error":"Cannot read properties of undefined (reading 'call')","level":"error","message":"Error fetching users with roles","timestamp":"2025-04-24 20:23:46"}
{"error":"Cannot read properties of undefined (reading 'call')","level":"error","message":"Error fetching users with roles","timestamp":"2025-04-24 20:23:47"}
{"error":"Cannot read properties of undefined (reading 'call')","level":"error","message":"Error fetching users with roles","timestamp":"2025-04-24 20:23:48"}
{"error":"Cannot read properties of undefined (reading 'call')","level":"error","message":"Error fetching users with roles","timestamp":"2025-04-24 20:23:53"}
{"error":"Cannot read properties of undefined (reading 'call')","level":"error","message":"Error fetching users with roles","timestamp":"2025-04-24 20:23:54"}
{"error":"Cannot read properties of undefined (reading 'call')","level":"error","message":"Error fetching users with roles","timestamp":"2025-04-24 20:23:55"}
{"error":"Cannot read properties of undefined (reading 'call')","level":"error","message":"Error fetching users with roles","timestamp":"2025-04-24 20:23:56"}
{"error":"Cannot read properties of undefined (reading 'call')","level":"error","message":"Error fetching users with roles","timestamp":"2025-04-24 20:23:57"}
{"error":"Cannot read properties of undefined (reading 'call')","level":"error","message":"Error fetching users with roles","timestamp":"2025-04-24 20:23:58"}
{"error":"Cannot read properties of undefined (reading 'call')","level":"error","message":"Error fetching users with roles","timestamp":"2025-04-24 20:23:59"}
{"error":"Cannot read properties of undefined (reading 'call')","level":"error","message":"Error fetching users with roles","timestamp":"2025-04-24 20:24:00"}
{"error":"Cannot read properties of undefined (reading 'call')","level":"error","message":"Error fetching users with roles","timestamp":"2025-04-24 20:24:01"}
{"error":"Cannot read properties of undefined (reading 'call')","level":"error","message":"Error fetching users with roles","timestamp":"2025-04-24 20:24:02"}
{"error":"Cannot read properties of undefined (reading 'call')","level":"error","message":"Error fetching users with roles","timestamp":"2025-04-24 20:24:05"}
{"error":"Cannot read properties of undefined (reading 'call')","level":"error","message":"Error fetching users with roles","timestamp":"2025-04-24 20:24:05"}
{"email":"spalavala@aapssol.com","level":"info","message":"User login successful","timestamp":"2025-04-24 20:34:25","userId":1}
{"error":"Cannot read properties of undefined (reading 'call')","level":"error","message":"Error fetching users with roles","timestamp":"2025-04-24 20:35:26"}
{"error":"Cannot read properties of undefined (reading 'call')","level":"error","message":"Error fetching users with roles","timestamp":"2025-04-24 20:35:26"}
{"email":"sainathreddypalavala7@gmail.com","level":"info","message":"User registered successfully","role":"Warehouse Manager","timestamp":"2025-04-24 20:38:14","userId":23}
{"error":"Cannot read properties of undefined (reading 'call')","level":"error","message":"Error fetching users with roles","timestamp":"2025-04-24 20:38:19"}
{"error":"Cannot read properties of undefined (reading 'call')","level":"error","message":"Error fetching users with roles","timestamp":"2025-04-24 20:38:19"}
{"error":"Cannot read properties of undefined (reading 'call')","level":"error","message":"Error fetching users with roles","timestamp":"2025-04-24 20:38:38"}
{"error":"Cannot read properties of undefined (reading 'call')","level":"error","message":"Error fetching users with roles","timestamp":"2025-04-24 20:38:38"}
{"error":"column UserLocationAccesses.LocationMasterLocationID does not exist","level":"error","message":"Error fetching users with roles","timestamp":"2025-04-24 21:08:03"}
{"email":"spalavala@aapssol.com","level":"info","message":"User login successful","timestamp":"2025-04-24 21:08:33","userId":1}
{"error":"column UserLocationAccesses.LocationMasterLocationID does not exist","level":"error","message":"Error fetching users with roles","timestamp":"2025-04-24 21:09:22"}
{"error":"column UserLocationAccesses.LocationMasterLocationID does not exist","level":"error","message":"Error fetching users with roles","timestamp":"2025-04-24 21:09:22"}
{"error":"column UserLocationAccesses.LocationMasterLocationID does not exist","level":"error","message":"Error fetching users with roles","timestamp":"2025-04-24 21:09:23"}
{"error":"column UserLocationAccesses.LocationMasterLocationID does not exist","level":"error","message":"Error fetching users with roles","timestamp":"2025-04-24 21:09:24"}
{"error":"column UserLocationAccesses.LocationMasterLocationID does not exist","level":"error","message":"Error fetching users with roles","timestamp":"2025-04-24 21:09:25"}
{"error":"column UserLocationAccesses.LocationMasterLocationID does not exist","level":"error","message":"Error fetching users with roles","timestamp":"2025-04-24 21:09:26"}
{"error":"column UserLocationAccesses.LocationMasterLocationID does not exist","level":"error","message":"Error fetching users with roles","timestamp":"2025-04-24 21:09:27"}
{"error":"column UserLocationAccesses.LocationMasterLocationID does not exist","level":"error","message":"Error fetching users with roles","timestamp":"2025-04-24 21:09:28"}
{"error":"column UserLocationAccesses.LocationMasterLocationID does not exist","level":"error","message":"Error fetching users with roles","timestamp":"2025-04-24 21:09:29"}
{"error":"column UserLocationAccesses.LocationMasterLocationID does not exist","level":"error","message":"Error fetching users with roles","timestamp":"2025-04-24 21:09:30"}
{"error":"column UserLocationAccesses.LocationMasterLocationID does not exist","level":"error","message":"Error fetching users with roles","timestamp":"2025-04-24 21:09:31"}
{"error":"column UserLocationAccesses.LocationMasterLocationID does not exist","level":"error","message":"Error fetching users with roles","timestamp":"2025-04-24 21:09:32"}
{"error":"column UserLocationAccesses.LocationMasterLocationID does not exist","level":"error","message":"Error fetching users with roles","timestamp":"2025-04-24 21:09:33"}
{"error":"column UserLocationAccesses.LocationMasterLocationID does not exist","level":"error","message":"Error fetching users with roles","timestamp":"2025-04-24 21:09:34"}
{"error":"column UserLocationAccesses.LocationMasterLocationID does not exist","level":"error","message":"Error fetching users with roles","timestamp":"2025-04-24 21:09:35"}
{"error":"column UserLocationAccesses.LocationMasterLocationID does not exist","level":"error","message":"Error fetching users with roles","timestamp":"2025-04-24 21:09:36"}
{"error":"column UserLocationAccesses.LocationMasterLocationID does not exist","level":"error","message":"Error fetching users with roles","timestamp":"2025-04-24 21:09:37"}
{"error":"column UserLocationAccesses.LocationMasterLocationID does not exist","level":"error","message":"Error fetching users with roles","timestamp":"2025-04-24 21:09:38"}
{"error":"column UserLocationAccesses.LocationMasterLocationID does not exist","level":"error","message":"Error fetching users with roles","timestamp":"2025-04-24 21:09:39"}
{"error":"column UserLocationAccesses.LocationMasterLocationID does not exist","level":"error","message":"Error fetching users with roles","timestamp":"2025-04-24 21:09:40"}
{"error":"column UserLocationAccesses.LocationMasterLocationID does not exist","level":"error","message":"Error fetching users with roles","timestamp":"2025-04-24 21:09:41"}
{"error":"column UserLocationAccesses.LocationMasterLocationID does not exist","level":"error","message":"Error fetching users with roles","timestamp":"2025-04-24 21:09:42"}
{"error":"column UserLocationAccesses.LocationMasterLocationID does not exist","level":"error","message":"Error fetching users with roles","timestamp":"2025-04-24 21:09:43"}
{"error":"column UserLocationAccesses.LocationMasterLocationID does not exist","level":"error","message":"Error fetching users with roles","timestamp":"2025-04-24 21:09:44"}
{"error":"column UserLocationAccesses.LocationMasterLocationID does not exist","level":"error","message":"Error fetching users with roles","timestamp":"2025-04-24 21:09:45"}
{"error":"column UserLocationAccesses.LocationMasterLocationID does not exist","level":"error","message":"Error fetching users with roles","timestamp":"2025-04-24 21:09:46"}
{"error":"column UserLocationAccesses.LocationMasterLocationID does not exist","level":"error","message":"Error fetching users with roles","timestamp":"2025-04-24 21:09:47"}
{"error":"column UserLocationAccesses.LocationMasterLocationID does not exist","level":"error","message":"Error fetching users with roles","timestamp":"2025-04-24 21:09:48"}
{"error":"column UserLocationAccesses.LocationMasterLocationID does not exist","level":"error","message":"Error fetching users with roles","timestamp":"2025-04-24 21:09:49"}
{"error":"column UserLocationAccesses.LocationMasterLocationID does not exist","level":"error","message":"Error fetching users with roles","timestamp":"2025-04-24 21:09:50"}
{"error":"column UserLocationAccesses.LocationMasterLocationID does not exist","level":"error","message":"Error fetching users with roles","timestamp":"2025-04-24 21:09:51"}
{"error":"column UserLocationAccesses.LocationMasterLocationID does not exist","level":"error","message":"Error fetching users with roles","timestamp":"2025-04-24 21:09:52"}
{"error":"column UserLocationAccesses.LocationMasterLocationID does not exist","level":"error","message":"Error fetching users with roles","timestamp":"2025-04-24 21:09:53"}
{"error":"column UserLocationAccesses.LocationMasterLocationID does not exist","level":"error","message":"Error fetching users with roles","timestamp":"2025-04-24 21:09:54"}
{"error":"column UserLocationAccesses.LocationMasterLocationID does not exist","level":"error","message":"Error fetching users with roles","timestamp":"2025-04-24 21:09:55"}
{"error":"column UserLocationAccesses.LocationMasterLocationID does not exist","level":"error","message":"Error fetching users with roles","timestamp":"2025-04-24 21:09:56"}
{"error":"column UserLocationAccesses.LocationMasterLocationID does not exist","level":"error","message":"Error fetching users with roles","timestamp":"2025-04-24 21:09:57"}
{"error":"column UserLocationAccesses.LocationMasterLocationID does not exist","level":"error","message":"Error fetching users with roles","timestamp":"2025-04-24 21:09:58"}
{"error":"column UserLocationAccesses.LocationMasterLocationID does not exist","level":"error","message":"Error fetching users with roles","timestamp":"2025-04-24 21:09:59"}
{"error":"column UserLocationAccesses.LocationMasterLocationID does not exist","level":"error","message":"Error fetching users with roles","timestamp":"2025-04-24 21:10:00"}
{"error":"column UserLocationAccesses.LocationMasterLocationID does not exist","level":"error","message":"Error fetching users with roles","timestamp":"2025-04-24 21:10:01"}
{"error":"column UserLocationAccesses.LocationMasterLocationID does not exist","level":"error","message":"Error fetching users with roles","timestamp":"2025-04-24 21:10:02"}
{"error":"column UserLocationAccesses.LocationMasterLocationID does not exist","level":"error","message":"Error fetching users with roles","timestamp":"2025-04-24 21:10:03"}
{"error":"column UserLocationAccesses.LocationMasterLocationID does not exist","level":"error","message":"Error fetching users with roles","timestamp":"2025-04-24 21:10:04"}
{"error":"column UserLocationAccesses.LocationMasterLocationID does not exist","level":"error","message":"Error fetching users with roles","timestamp":"2025-04-24 21:10:05"}
{"error":"column UserLocationAccesses.LocationMasterLocationID does not exist","level":"error","message":"Error fetching users with roles","timestamp":"2025-04-24 21:10:06"}
{"error":"column UserLocationAccesses.LocationMasterLocationID does not exist","level":"error","message":"Error fetching users with roles","timestamp":"2025-04-24 21:10:07"}
{"error":"column UserLocationAccesses.LocationMasterLocationID does not exist","level":"error","message":"Error fetching users with roles","timestamp":"2025-04-24 21:10:08"}
{"error":"column UserLocationAccesses.LocationMasterLocationID does not exist","level":"error","message":"Error fetching users with roles","timestamp":"2025-04-24 21:10:09"}
{"error":"column UserLocationAccesses.LocationMasterLocationID does not exist","level":"error","message":"Error fetching users with roles","timestamp":"2025-04-24 21:10:10"}
{"error":"column UserLocationAccesses.LocationMasterLocationID does not exist","level":"error","message":"Error fetching users with roles","timestamp":"2025-04-24 21:10:11"}
{"error":"column UserLocationAccesses.LocationMasterLocationID does not exist","level":"error","message":"Error fetching users with roles","timestamp":"2025-04-24 21:10:12"}
{"error":"column UserLocationAccesses.LocationMasterLocationID does not exist","level":"error","message":"Error fetching users with roles","timestamp":"2025-04-24 21:10:13"}
{"error":"column UserLocationAccesses.LocationMasterLocationID does not exist","level":"error","message":"Error fetching users with roles","timestamp":"2025-04-24 21:10:14"}
{"error":"column UserLocationAccesses.LocationMasterLocationID does not exist","level":"error","message":"Error fetching users with roles","timestamp":"2025-04-24 21:10:15"}
{"error":"column UserLocationAccesses.LocationMasterLocationID does not exist","level":"error","message":"Error fetching users with roles","timestamp":"2025-04-24 21:10:16"}
{"error":"column UserLocationAccesses.LocationMasterLocationID does not exist","level":"error","message":"Error fetching users with roles","timestamp":"2025-04-24 21:10:17"}
{"error":"column UserLocationAccesses.LocationMasterLocationID does not exist","level":"error","message":"Error fetching users with roles","timestamp":"2025-04-24 21:10:18"}
{"error":"column UserLocationAccesses.LocationMasterLocationID does not exist","level":"error","message":"Error fetching users with roles","timestamp":"2025-04-24 21:10:19"}
{"error":"column UserLocationAccesses.LocationMasterLocationID does not exist","level":"error","message":"Error fetching users with roles","timestamp":"2025-04-24 21:10:20"}
{"error":"column UserLocationAccesses.LocationMasterLocationID does not exist","level":"error","message":"Error fetching users with roles","timestamp":"2025-04-24 21:10:21"}
{"error":"column UserLocationAccesses.LocationMasterLocationID does not exist","level":"error","message":"Error fetching users with roles","timestamp":"2025-04-24 21:10:22"}
{"error":"column UserLocationAccesses.LocationMasterLocationID does not exist","level":"error","message":"Error fetching users with roles","timestamp":"2025-04-24 21:10:23"}
{"error":"column UserLocationAccesses.LocationMasterLocationID does not exist","level":"error","message":"Error fetching users with roles","timestamp":"2025-04-24 21:10:24"}
{"error":"column UserLocationAccesses.LocationMasterLocationID does not exist","level":"error","message":"Error fetching users with roles","timestamp":"2025-04-24 21:10:25"}
{"error":"column UserLocationAccesses.LocationMasterLocationID does not exist","level":"error","message":"Error fetching users with roles","timestamp":"2025-04-24 21:10:26"}
{"error":"column UserLocationAccesses.LocationMasterLocationID does not exist","level":"error","message":"Error fetching users with roles","timestamp":"2025-04-24 21:10:27"}
{"error":"column UserLocationAccesses.LocationMasterLocationID does not exist","level":"error","message":"Error fetching users with roles","timestamp":"2025-04-24 21:10:28"}
{"error":"column UserLocationAccesses.LocationMasterLocationID does not exist","level":"error","message":"Error fetching users with roles","timestamp":"2025-04-24 21:10:29"}
{"error":"column UserLocationAccesses.LocationMasterLocationID does not exist","level":"error","message":"Error fetching users with roles","timestamp":"2025-04-24 21:10:30"}
{"error":"column UserLocationAccesses.LocationMasterLocationID does not exist","level":"error","message":"Error fetching users with roles","timestamp":"2025-04-24 21:10:31"}
{"error":"column UserLocationAccesses.LocationMasterLocationID does not exist","level":"error","message":"Error fetching users with roles","timestamp":"2025-04-24 21:10:32"}
{"error":"column UserLocationAccesses.LocationMasterLocationID does not exist","level":"error","message":"Error fetching users with roles","timestamp":"2025-04-24 21:10:33"}
{"error":"column UserLocationAccesses.LocationMasterLocationID does not exist","level":"error","message":"Error fetching users with roles","timestamp":"2025-04-24 21:10:34"}
{"error":"column UserLocationAccesses.LocationMasterLocationID does not exist","level":"error","message":"Error fetching users with roles","timestamp":"2025-04-24 21:10:35"}
{"email":"spalavala@aapssol.com","level":"info","message":"User login successful","timestamp":"2025-04-24 21:13:18","userId":1}
{"error":"column UserLocationAccesses.LocationMasterLocationID does not exist","level":"error","message":"Error fetching users with roles","timestamp":"2025-04-24 21:13:32"}
{"error":"column UserLocationAccesses.LocationMasterLocationID does not exist","level":"error","message":"Error fetching users with roles","timestamp":"2025-04-24 21:13:32"}
{"email":"spalavala@aapssol.com","level":"info","message":"User login successful","timestamp":"2025-04-24 21:22:53","userId":1}
{"error":"LocationMaster is associated to UserLocationAccess using an alias. You've included an alias (Location), but it does not match the alias(es) defined in your association (LocationMaster).","level":"error","message":"Error fetching users with roles","timestamp":"2025-04-24 21:22:58"}
{"error":"LocationMaster is associated to UserLocationAccess using an alias. You've included an alias (Location), but it does not match the alias(es) defined in your association (LocationMaster).","level":"error","message":"Error fetching users with roles","timestamp":"2025-04-24 21:22:58"}
{"email":"spalavala@aapssol.com","level":"info","message":"User login successful","timestamp":"2025-04-24 21:26:08","userId":1}
{"error":"column UserLocationAccesses.LocationMasterLocationID does not exist","level":"error","message":"Error fetching users with roles","timestamp":"2025-04-24 21:26:11"}
{"error":"column UserLocationAccesses.LocationMasterLocationID does not exist","level":"error","message":"Error fetching users with roles","timestamp":"2025-04-24 21:26:11"}
{"email":"spalavala@aapssol.com","level":"info","message":"User login successful","timestamp":"2025-04-24 21:29:18","userId":1}
{"error":"column UserLocationAccesses.LocationMasterLocationID does not exist","level":"error","message":"Error fetching users with roles","timestamp":"2025-04-24 21:29:20"}
{"error":"column UserLocationAccesses.LocationMasterLocationID does not exist","level":"error","message":"Error fetching users with roles","timestamp":"2025-04-24 21:29:20"}
{"email":"spalavala@aapssol.com","level":"info","message":"User login successful","timestamp":"2025-04-24 21:31:59","userId":1}
{"error":"column UserLocationAccesses.LocationMasterLocationID does not exist","level":"error","message":"Error fetching users with roles","timestamp":"2025-04-24 21:32:02"}
{"error":"column UserLocationAccesses.LocationMasterLocationID does not exist","level":"error","message":"Error fetching users with roles","timestamp":"2025-04-24 21:32:02"}
{"email":"spalavala@aapssol.com","level":"info","message":"User login successful","timestamp":"2025-04-24 21:38:40","userId":1}
{"error":"column UserLocationAccesses.LocationMasterLocationID does not exist","level":"error","message":"Error fetching users with roles","timestamp":"2025-04-24 21:38:48"}
{"error":"column UserLocationAccesses.LocationMasterLocationID does not exist","level":"error","message":"Error fetching users with roles","timestamp":"2025-04-24 21:38:48"}
{"email":"spalavala@aapssol.com","level":"info","message":"User login successful","timestamp":"2025-04-24 21:42:26","userId":1}
{"error":"column UserLocationAccesses.LocationMasterLocationID does not exist","level":"error","message":"Error fetching users with roles","timestamp":"2025-04-24 21:42:28"}
{"error":"column UserLocationAccesses.LocationMasterLocationID does not exist","level":"error","message":"Error fetching users with roles","timestamp":"2025-04-24 21:42:28"}
{"email":"spalavala@aapssol.com","level":"info","message":"User login successful","timestamp":"2025-04-24 21:44:57","userId":1}
{"error":"column UserLocationAccesses.LocationMasterLocationID does not exist","level":"error","message":"Error fetching users with roles","timestamp":"2025-04-24 21:44:58"}
{"error":"column UserLocationAccesses.LocationMasterLocationID does not exist","level":"error","message":"Error fetching users with roles","timestamp":"2025-04-24 21:44:58"}
{"email":"spalavala@aapssol.com","level":"info","message":"User login successful","timestamp":"2025-04-24 21:48:24","userId":1}
{"error":"column UserLocationAccesses.LocationMasterLocationID does not exist","level":"error","message":"Error fetching users with roles","timestamp":"2025-04-24 21:48:26"}
{"error":"column UserLocationAccesses.LocationMasterLocationID does not exist","level":"error","message":"Error fetching users with roles","timestamp":"2025-04-24 21:48:26"}
{"email":"spalavala@aapssol.com","level":"info","message":"User login successful","timestamp":"2025-04-24 21:51:39","userId":1}
{"error":"column UserLocationAccesses.LocationMasterLocationID does not exist","level":"error","message":"Error fetching users with roles","timestamp":"2025-04-24 21:51:40"}
{"error":"column UserLocationAccesses.LocationMasterLocationID does not exist","level":"error","message":"Error fetching users with roles","timestamp":"2025-04-24 21:51:40"}
{"email":"spalavala@aapssol.com","level":"info","message":"User login successful","timestamp":"2025-04-24 21:53:48","userId":1}
{"error":"column UserLocationAccesses.LocationMasterLocationID does not exist","level":"error","message":"Error fetching users with roles","timestamp":"2025-04-24 21:53:50"}
{"error":"column UserLocationAccesses.LocationMasterLocationID does not exist","level":"error","message":"Error fetching users with roles","timestamp":"2025-04-24 21:53:50"}
{"email":"spalavala@aapssol.com","level":"info","message":"User login successful","timestamp":"2025-04-24 21:57:23","userId":1}
{"error":"column UserLocationAccesses.createdAt does not exist","level":"error","message":"Error fetching users with roles","timestamp":"2025-04-24 21:57:24"}
{"error":"column UserLocationAccesses.createdAt does not exist","level":"error","message":"Error fetching users with roles","timestamp":"2025-04-24 21:57:24"}
{"email":"spalavala@aapssol.com","level":"info","message":"User login successful","timestamp":"2025-04-24 21:59:14","userId":1}
{"error":"column UserLocationAccesses.LocationMasterLocationID does not exist","level":"error","message":"Error fetching users with roles","timestamp":"2025-04-24 21:59:15"}
{"error":"column UserLocationAccesses.LocationMasterLocationID does not exist","level":"error","message":"Error fetching users with roles","timestamp":"2025-04-24 21:59:15"}
{"email":"spalavala@aapssol.com","level":"info","message":"User login successful","timestamp":"2025-04-24 22:07:55","userId":1}
{"count":2,"level":"info","message":"Fetched all users successfully","timestamp":"2025-04-24 22:08:02"}
{"count":2,"level":"info","message":"Fetched all users successfully","timestamp":"2025-04-24 22:08:02"}
{"count":2,"level":"info","message":"Fetched all users successfully","timestamp":"2025-04-24 22:08:11"}
{"count":2,"level":"info","message":"Fetched all users successfully","timestamp":"2025-04-24 22:08:11"}
{"email":"palavalasai1@gmail.com","level":"warn","message":"Login attempt with invalid email","timestamp":"2025-04-24 22:09:46"}
{"email":"spalavala@aapssol.com","level":"info","message":"User login successful","timestamp":"2025-04-24 22:09:50","userId":1}
{"count":2,"level":"info","message":"Fetched all users successfully","timestamp":"2025-04-24 22:09:52"}
{"count":2,"level":"info","message":"Fetched all users successfully","timestamp":"2025-04-24 22:09:52"}
{"level":"info","message":"User soft-deleted successfully","timestamp":"2025-04-24 22:09:56","userId":23}
{"level":"info","message":"User restored successfully","timestamp":"2025-04-24 22:10:36","userId":23}
{"email":"sainathreddypalavala7@gmail.com","level":"info","message":"User login successful","timestamp":"2025-04-24 22:12:33","userId":23}
{"email":"spalavala@aapssol.com","level":"info","message":"User login successful","timestamp":"2025-04-26 10:04:12","userId":1}
{"level":"warn","message":"Unauthorized location assignment attempt","timestamp":"2025-04-26 10:06:18"}
{"email":"spalavala@aapssol.com","level":"info","message":"User login successful","timestamp":"2025-04-26 10:20:56","userId":1}
{"count":2,"level":"info","message":"Fetched all users successfully","timestamp":"2025-04-26 10:20:59"}
{"count":2,"level":"info","message":"Fetched all users successfully","timestamp":"2025-04-26 10:20:59"}
{"level":"info","message":"User soft-deleted successfully","timestamp":"2025-04-26 10:21:03","userId":23}
{"email":"sainathreddypalavala7@gmail.com","level":"warn","message":"Attempt to re-create previously deleted user","timestamp":"2025-04-26 10:21:56"}
{"email":"sainathreddypalavala7@gmail.com","level":"warn","message":"Attempt to re-create previously deleted user","timestamp":"2025-04-26 10:22:03"}
{"count":1,"level":"info","message":"Fetched all users successfully","timestamp":"2025-04-26 10:22:14"}
{"count":1,"level":"info","message":"Fetched all users successfully","timestamp":"2025-04-26 10:22:14"}
{"email":"sainathreddypalavala7@gmail.com","level":"warn","message":"Attempt to re-create previously deleted user","timestamp":"2025-04-26 10:22:22"}
{"email":"sainathreddypalavala7@gmail.com","level":"warn","message":"Attempt to re-create previously deleted user","timestamp":"2025-04-26 10:28:02"}
{"level":"info","message":"User restored successfully","timestamp":"2025-04-26 10:28:07","userId":23}
{"count":2,"level":"info","message":"Fetched all users successfully","timestamp":"2025-04-26 10:28:13"}
{"count":2,"level":"info","message":"Fetched all users successfully","timestamp":"2025-04-26 10:28:13"}
{"level":"info","message":"Profile updated successfully","timestamp":"2025-04-26 10:34:39","userId":1}
{"count":2,"level":"info","message":"Fetched all users successfully","timestamp":"2025-04-26 10:34:43"}
{"email":"sainathreddypalavala7@gmail.com","level":"info","message":"User login successful","timestamp":"2025-04-26 10:34:53","userId":23}
{"level":"info","message":"Profile updated successfully","timestamp":"2025-04-26 10:35:32","userId":23}
{"count":2,"level":"info","message":"Fetched all users successfully","timestamp":"2025-04-26 10:36:00"}
{"count":2,"level":"info","message":"Fetched all users successfully","timestamp":"2025-04-26 10:36:00"}
{"email":"sainathreddypalavala7@gmail.com","level":"info","message":"User login successful","timestamp":"2025-04-26 10:47:00","userId":23}
{"count":2,"level":"info","message":"Fetched all users successfully","timestamp":"2025-04-26 10:47:07"}
{"count":2,"level":"info","message":"Fetched all users successfully","timestamp":"2025-04-26 10:47:07"}
{"count":2,"level":"info","message":"Fetched all users successfully","timestamp":"2025-04-26 10:49:21"}
{"count":2,"level":"info","message":"Fetched all users successfully","timestamp":"2025-04-26 10:49:46"}
{"email":"sainathreddypalavala7@gmail.com","level":"info","message":"User login successful","timestamp":"2025-04-26 10:54:00","userId":23}
{"count":1,"level":"info","message":"Fetched users successfully","timestamp":"2025-04-26 10:54:02"}
{"count":1,"level":"info","message":"Fetched users successfully","timestamp":"2025-04-26 10:54:02"}
{"count":1,"level":"info","message":"Fetched users successfully","timestamp":"2025-04-26 11:06:05"}
{"count":1,"level":"info","message":"Fetched users successfully","timestamp":"2025-04-26 11:06:05"}
{"email":"spalavala@aapssol.com","level":"info","message":"User login successful","timestamp":"2025-04-26 11:06:16","userId":1}
{"count":2,"level":"info","message":"Fetched users successfully","timestamp":"2025-04-26 11:06:28"}
{"count":2,"level":"info","message":"Fetched users successfully","timestamp":"2025-04-26 11:06:28"}
{"level":"info","message":"User updated successfully","timestamp":"2025-04-26 11:06:42","userId":"1"}
{"level":"info","message":"User updated successfully","timestamp":"2025-04-26 11:06:59","userId":"23"}
{"email":"sainathreddypalavala7@gmail.com","level":"info","message":"User login successful","timestamp":"2025-04-26 11:07:35","userId":23}
{"email":"spalavala@aapssol.com","level":"info","message":"User login successful","timestamp":"2025-04-26 11:08:48","userId":1}
