{"error":"refreshToken is not defined","level":"error","message":"Error during login","timestamp":"2025-04-23 20:39:37"}
{"error":"UserLocationAccess is not defined","level":"error","message":"Error fetching users with roles","timestamp":"2025-04-24 19:54:26"}
{"error":"UserLocationAccess is not defined","level":"error","message":"Error fetching users with roles","timestamp":"2025-04-24 19:55:15"}
{"error":"UserLocationAccess is not defined","level":"error","message":"Error fetching users with roles","timestamp":"2025-04-24 19:55:15"}
{"error":"UserLocationAccess is not defined","level":"error","message":"Error fetching users with roles","timestamp":"2025-04-24 19:55:16"}
{"error":"UserLocationAccess is not defined","level":"error","message":"Error fetching users with roles","timestamp":"2025-04-24 19:55:17"}
{"error":"UserLocationAccess is not defined","level":"error","message":"Error fetching users with roles","timestamp":"2025-04-24 19:55:18"}
{"error":"UserLocationAccess is not defined","level":"error","message":"Error fetching users with roles","timestamp":"2025-04-24 19:55:19"}
{"error":"UserLocationAccess is not defined","level":"error","message":"Error fetching users with roles","timestamp":"2025-04-24 19:55:20"}
{"error":"UserLocationAccess is not defined","level":"error","message":"Error fetching users with roles","timestamp":"2025-04-24 19:55:21"}
{"error":"UserLocationAccess is not defined","level":"error","message":"Error fetching users with roles","timestamp":"2025-04-24 19:55:22"}
{"error":"UserLocationAccess is not defined","level":"error","message":"Error fetching users with roles","timestamp":"2025-04-24 19:55:23"}
{"error":"UserLocationAccess is not defined","level":"error","message":"Error fetching users with roles","timestamp":"2025-04-24 19:55:24"}
{"error":"UserLocationAccess is not defined","level":"error","message":"Error fetching users with roles","timestamp":"2025-04-24 19:55:25"}
{"error":"UserLocationAccess is not defined","level":"error","message":"Error fetching users with roles","timestamp":"2025-04-24 19:55:26"}
{"error":"UserLocationAccess is not defined","level":"error","message":"Error fetching users with roles","timestamp":"2025-04-24 19:55:27"}
{"error":"UserLocationAccess is not defined","level":"error","message":"Error fetching users with roles","timestamp":"2025-04-24 19:55:28"}
{"error":"UserLocationAccess is not defined","level":"error","message":"Error fetching users with roles","timestamp":"2025-04-24 19:55:29"}
{"error":"UserLocationAccess is not defined","level":"error","message":"Error fetching users with roles","timestamp":"2025-04-24 19:55:30"}
{"error":"UserLocationAccess is not defined","level":"error","message":"Error fetching users with roles","timestamp":"2025-04-24 19:56:08"}
{"error":"UserLocationAccess is not defined","level":"error","message":"Error fetching users with roles","timestamp":"2025-04-24 19:56:08"}
{"error":"Locations is not defined","level":"error","message":"Error fetching users with roles","timestamp":"2025-04-24 20:01:07"}
{"error":"Locations is not defined","level":"error","message":"Error fetching users with roles","timestamp":"2025-04-24 20:01:07"}
{"error":"Locations is not defined","level":"error","message":"Error fetching users with roles","timestamp":"2025-04-24 20:01:08"}
{"error":"Locations is not defined","level":"error","message":"Error fetching users with roles","timestamp":"2025-04-24 20:01:09"}
{"error":"Locations is not defined","level":"error","message":"Error fetching users with roles","timestamp":"2025-04-24 20:01:10"}
{"error":"Locations is not defined","level":"error","message":"Error fetching users with roles","timestamp":"2025-04-24 20:01:11"}
{"error":"Locations is not defined","level":"error","message":"Error fetching users with roles","timestamp":"2025-04-24 20:01:12"}
{"error":"Locations is not defined","level":"error","message":"Error fetching users with roles","timestamp":"2025-04-24 20:01:13"}
{"error":"Locations is not defined","level":"error","message":"Error fetching users with roles","timestamp":"2025-04-24 20:01:14"}
{"error":"Locations is not defined","level":"error","message":"Error fetching users with roles","timestamp":"2025-04-24 20:01:15"}
{"error":"Locations is not defined","level":"error","message":"Error fetching users with roles","timestamp":"2025-04-24 20:01:16"}
{"error":"Locations is not defined","level":"error","message":"Error fetching users with roles","timestamp":"2025-04-24 20:01:17"}
{"error":"Locations is not defined","level":"error","message":"Error fetching users with roles","timestamp":"2025-04-24 20:01:18"}
{"error":"Locations is not defined","level":"error","message":"Error fetching users with roles","timestamp":"2025-04-24 20:01:19"}
{"error":"Locations is not defined","level":"error","message":"Error fetching users with roles","timestamp":"2025-04-24 20:02:01"}
{"error":"Locations is not defined","level":"error","message":"Error fetching users with roles","timestamp":"2025-04-24 20:02:01"}
{"error":"Cannot read properties of undefined (reading 'call')","level":"error","message":"Error fetching users with roles","timestamp":"2025-04-24 20:23:03"}
{"error":"Cannot read properties of undefined (reading 'call')","level":"error","message":"Error fetching users with roles","timestamp":"2025-04-24 20:23:23"}
{"error":"Cannot read properties of undefined (reading 'call')","level":"error","message":"Error fetching users with roles","timestamp":"2025-04-24 20:23:23"}
{"error":"Cannot read properties of undefined (reading 'call')","level":"error","message":"Error fetching users with roles","timestamp":"2025-04-24 20:23:24"}
{"error":"Cannot read properties of undefined (reading 'call')","level":"error","message":"Error fetching users with roles","timestamp":"2025-04-24 20:23:25"}
{"error":"Cannot read properties of undefined (reading 'call')","level":"error","message":"Error fetching users with roles","timestamp":"2025-04-24 20:23:26"}
{"error":"Cannot read properties of undefined (reading 'call')","level":"error","message":"Error fetching users with roles","timestamp":"2025-04-24 20:23:27"}
{"error":"Cannot read properties of undefined (reading 'call')","level":"error","message":"Error fetching users with roles","timestamp":"2025-04-24 20:23:28"}
{"error":"Cannot read properties of undefined (reading 'call')","level":"error","message":"Error fetching users with roles","timestamp":"2025-04-24 20:23:29"}
{"error":"Cannot read properties of undefined (reading 'call')","level":"error","message":"Error fetching users with roles","timestamp":"2025-04-24 20:23:30"}
{"error":"Cannot read properties of undefined (reading 'call')","level":"error","message":"Error fetching users with roles","timestamp":"2025-04-24 20:23:31"}
{"error":"Cannot read properties of undefined (reading 'call')","level":"error","message":"Error fetching users with roles","timestamp":"2025-04-24 20:23:32"}
{"error":"Cannot read properties of undefined (reading 'call')","level":"error","message":"Error fetching users with roles","timestamp":"2025-04-24 20:23:33"}
{"error":"Cannot read properties of undefined (reading 'call')","level":"error","message":"Error fetching users with roles","timestamp":"2025-04-24 20:23:34"}
{"error":"Cannot read properties of undefined (reading 'call')","level":"error","message":"Error fetching users with roles","timestamp":"2025-04-24 20:23:35"}
{"error":"Cannot read properties of undefined (reading 'call')","level":"error","message":"Error fetching users with roles","timestamp":"2025-04-24 20:23:36"}
{"error":"Cannot read properties of undefined (reading 'call')","level":"error","message":"Error fetching users with roles","timestamp":"2025-04-24 20:23:37"}
{"error":"Cannot read properties of undefined (reading 'call')","level":"error","message":"Error fetching users with roles","timestamp":"2025-04-24 20:23:38"}
{"error":"Cannot read properties of undefined (reading 'call')","level":"error","message":"Error fetching users with roles","timestamp":"2025-04-24 20:23:39"}
{"error":"Cannot read properties of undefined (reading 'call')","level":"error","message":"Error fetching users with roles","timestamp":"2025-04-24 20:23:40"}
{"error":"Cannot read properties of undefined (reading 'call')","level":"error","message":"Error fetching users with roles","timestamp":"2025-04-24 20:23:41"}
{"error":"Cannot read properties of undefined (reading 'call')","level":"error","message":"Error fetching users with roles","timestamp":"2025-04-24 20:23:42"}
{"error":"Cannot read properties of undefined (reading 'call')","level":"error","message":"Error fetching users with roles","timestamp":"2025-04-24 20:23:43"}
{"error":"Cannot read properties of undefined (reading 'call')","level":"error","message":"Error fetching users with roles","timestamp":"2025-04-24 20:23:44"}
{"error":"Cannot read properties of undefined (reading 'call')","level":"error","message":"Error fetching users with roles","timestamp":"2025-04-24 20:23:45"}
{"error":"Cannot read properties of undefined (reading 'call')","level":"error","message":"Error fetching users with roles","timestamp":"2025-04-24 20:23:46"}
{"error":"Cannot read properties of undefined (reading 'call')","level":"error","message":"Error fetching users with roles","timestamp":"2025-04-24 20:23:47"}
{"error":"Cannot read properties of undefined (reading 'call')","level":"error","message":"Error fetching users with roles","timestamp":"2025-04-24 20:23:48"}
{"error":"Cannot read properties of undefined (reading 'call')","level":"error","message":"Error fetching users with roles","timestamp":"2025-04-24 20:23:53"}
{"error":"Cannot read properties of undefined (reading 'call')","level":"error","message":"Error fetching users with roles","timestamp":"2025-04-24 20:23:54"}
{"error":"Cannot read properties of undefined (reading 'call')","level":"error","message":"Error fetching users with roles","timestamp":"2025-04-24 20:23:55"}
{"error":"Cannot read properties of undefined (reading 'call')","level":"error","message":"Error fetching users with roles","timestamp":"2025-04-24 20:23:56"}
{"error":"Cannot read properties of undefined (reading 'call')","level":"error","message":"Error fetching users with roles","timestamp":"2025-04-24 20:23:57"}
{"error":"Cannot read properties of undefined (reading 'call')","level":"error","message":"Error fetching users with roles","timestamp":"2025-04-24 20:23:58"}
{"error":"Cannot read properties of undefined (reading 'call')","level":"error","message":"Error fetching users with roles","timestamp":"2025-04-24 20:23:59"}
{"error":"Cannot read properties of undefined (reading 'call')","level":"error","message":"Error fetching users with roles","timestamp":"2025-04-24 20:24:00"}
{"error":"Cannot read properties of undefined (reading 'call')","level":"error","message":"Error fetching users with roles","timestamp":"2025-04-24 20:24:01"}
{"error":"Cannot read properties of undefined (reading 'call')","level":"error","message":"Error fetching users with roles","timestamp":"2025-04-24 20:24:02"}
{"error":"Cannot read properties of undefined (reading 'call')","level":"error","message":"Error fetching users with roles","timestamp":"2025-04-24 20:24:05"}
{"error":"Cannot read properties of undefined (reading 'call')","level":"error","message":"Error fetching users with roles","timestamp":"2025-04-24 20:24:05"}
{"error":"Cannot read properties of undefined (reading 'call')","level":"error","message":"Error fetching users with roles","timestamp":"2025-04-24 20:35:26"}
{"error":"Cannot read properties of undefined (reading 'call')","level":"error","message":"Error fetching users with roles","timestamp":"2025-04-24 20:35:26"}
{"error":"Cannot read properties of undefined (reading 'call')","level":"error","message":"Error fetching users with roles","timestamp":"2025-04-24 20:38:19"}
{"error":"Cannot read properties of undefined (reading 'call')","level":"error","message":"Error fetching users with roles","timestamp":"2025-04-24 20:38:19"}
{"error":"Cannot read properties of undefined (reading 'call')","level":"error","message":"Error fetching users with roles","timestamp":"2025-04-24 20:38:38"}
{"error":"Cannot read properties of undefined (reading 'call')","level":"error","message":"Error fetching users with roles","timestamp":"2025-04-24 20:38:38"}
{"error":"column UserLocationAccesses.LocationMasterLocationID does not exist","level":"error","message":"Error fetching users with roles","timestamp":"2025-04-24 21:08:03"}
{"error":"column UserLocationAccesses.LocationMasterLocationID does not exist","level":"error","message":"Error fetching users with roles","timestamp":"2025-04-24 21:09:22"}
{"error":"column UserLocationAccesses.LocationMasterLocationID does not exist","level":"error","message":"Error fetching users with roles","timestamp":"2025-04-24 21:09:22"}
{"error":"column UserLocationAccesses.LocationMasterLocationID does not exist","level":"error","message":"Error fetching users with roles","timestamp":"2025-04-24 21:09:23"}
{"error":"column UserLocationAccesses.LocationMasterLocationID does not exist","level":"error","message":"Error fetching users with roles","timestamp":"2025-04-24 21:09:24"}
{"error":"column UserLocationAccesses.LocationMasterLocationID does not exist","level":"error","message":"Error fetching users with roles","timestamp":"2025-04-24 21:09:25"}
{"error":"column UserLocationAccesses.LocationMasterLocationID does not exist","level":"error","message":"Error fetching users with roles","timestamp":"2025-04-24 21:09:26"}
{"error":"column UserLocationAccesses.LocationMasterLocationID does not exist","level":"error","message":"Error fetching users with roles","timestamp":"2025-04-24 21:09:27"}
{"error":"column UserLocationAccesses.LocationMasterLocationID does not exist","level":"error","message":"Error fetching users with roles","timestamp":"2025-04-24 21:09:28"}
{"error":"column UserLocationAccesses.LocationMasterLocationID does not exist","level":"error","message":"Error fetching users with roles","timestamp":"2025-04-24 21:09:29"}
{"error":"column UserLocationAccesses.LocationMasterLocationID does not exist","level":"error","message":"Error fetching users with roles","timestamp":"2025-04-24 21:09:30"}
{"error":"column UserLocationAccesses.LocationMasterLocationID does not exist","level":"error","message":"Error fetching users with roles","timestamp":"2025-04-24 21:09:31"}
{"error":"column UserLocationAccesses.LocationMasterLocationID does not exist","level":"error","message":"Error fetching users with roles","timestamp":"2025-04-24 21:09:32"}
{"error":"column UserLocationAccesses.LocationMasterLocationID does not exist","level":"error","message":"Error fetching users with roles","timestamp":"2025-04-24 21:09:33"}
{"error":"column UserLocationAccesses.LocationMasterLocationID does not exist","level":"error","message":"Error fetching users with roles","timestamp":"2025-04-24 21:09:34"}
{"error":"column UserLocationAccesses.LocationMasterLocationID does not exist","level":"error","message":"Error fetching users with roles","timestamp":"2025-04-24 21:09:35"}
{"error":"column UserLocationAccesses.LocationMasterLocationID does not exist","level":"error","message":"Error fetching users with roles","timestamp":"2025-04-24 21:09:36"}
{"error":"column UserLocationAccesses.LocationMasterLocationID does not exist","level":"error","message":"Error fetching users with roles","timestamp":"2025-04-24 21:09:37"}
{"error":"column UserLocationAccesses.LocationMasterLocationID does not exist","level":"error","message":"Error fetching users with roles","timestamp":"2025-04-24 21:09:38"}
{"error":"column UserLocationAccesses.LocationMasterLocationID does not exist","level":"error","message":"Error fetching users with roles","timestamp":"2025-04-24 21:09:39"}
{"error":"column UserLocationAccesses.LocationMasterLocationID does not exist","level":"error","message":"Error fetching users with roles","timestamp":"2025-04-24 21:09:40"}
{"error":"column UserLocationAccesses.LocationMasterLocationID does not exist","level":"error","message":"Error fetching users with roles","timestamp":"2025-04-24 21:09:41"}
{"error":"column UserLocationAccesses.LocationMasterLocationID does not exist","level":"error","message":"Error fetching users with roles","timestamp":"2025-04-24 21:09:42"}
{"error":"column UserLocationAccesses.LocationMasterLocationID does not exist","level":"error","message":"Error fetching users with roles","timestamp":"2025-04-24 21:09:43"}
{"error":"column UserLocationAccesses.LocationMasterLocationID does not exist","level":"error","message":"Error fetching users with roles","timestamp":"2025-04-24 21:09:44"}
{"error":"column UserLocationAccesses.LocationMasterLocationID does not exist","level":"error","message":"Error fetching users with roles","timestamp":"2025-04-24 21:09:45"}
{"error":"column UserLocationAccesses.LocationMasterLocationID does not exist","level":"error","message":"Error fetching users with roles","timestamp":"2025-04-24 21:09:46"}
{"error":"column UserLocationAccesses.LocationMasterLocationID does not exist","level":"error","message":"Error fetching users with roles","timestamp":"2025-04-24 21:09:47"}
{"error":"column UserLocationAccesses.LocationMasterLocationID does not exist","level":"error","message":"Error fetching users with roles","timestamp":"2025-04-24 21:09:48"}
{"error":"column UserLocationAccesses.LocationMasterLocationID does not exist","level":"error","message":"Error fetching users with roles","timestamp":"2025-04-24 21:09:49"}
{"error":"column UserLocationAccesses.LocationMasterLocationID does not exist","level":"error","message":"Error fetching users with roles","timestamp":"2025-04-24 21:09:50"}
{"error":"column UserLocationAccesses.LocationMasterLocationID does not exist","level":"error","message":"Error fetching users with roles","timestamp":"2025-04-24 21:09:51"}
{"error":"column UserLocationAccesses.LocationMasterLocationID does not exist","level":"error","message":"Error fetching users with roles","timestamp":"2025-04-24 21:09:52"}
{"error":"column UserLocationAccesses.LocationMasterLocationID does not exist","level":"error","message":"Error fetching users with roles","timestamp":"2025-04-24 21:09:53"}
{"error":"column UserLocationAccesses.LocationMasterLocationID does not exist","level":"error","message":"Error fetching users with roles","timestamp":"2025-04-24 21:09:54"}
{"error":"column UserLocationAccesses.LocationMasterLocationID does not exist","level":"error","message":"Error fetching users with roles","timestamp":"2025-04-24 21:09:55"}
{"error":"column UserLocationAccesses.LocationMasterLocationID does not exist","level":"error","message":"Error fetching users with roles","timestamp":"2025-04-24 21:09:56"}
{"error":"column UserLocationAccesses.LocationMasterLocationID does not exist","level":"error","message":"Error fetching users with roles","timestamp":"2025-04-24 21:09:57"}
{"error":"column UserLocationAccesses.LocationMasterLocationID does not exist","level":"error","message":"Error fetching users with roles","timestamp":"2025-04-24 21:09:58"}
{"error":"column UserLocationAccesses.LocationMasterLocationID does not exist","level":"error","message":"Error fetching users with roles","timestamp":"2025-04-24 21:09:59"}
{"error":"column UserLocationAccesses.LocationMasterLocationID does not exist","level":"error","message":"Error fetching users with roles","timestamp":"2025-04-24 21:10:00"}
{"error":"column UserLocationAccesses.LocationMasterLocationID does not exist","level":"error","message":"Error fetching users with roles","timestamp":"2025-04-24 21:10:01"}
{"error":"column UserLocationAccesses.LocationMasterLocationID does not exist","level":"error","message":"Error fetching users with roles","timestamp":"2025-04-24 21:10:02"}
{"error":"column UserLocationAccesses.LocationMasterLocationID does not exist","level":"error","message":"Error fetching users with roles","timestamp":"2025-04-24 21:10:03"}
{"error":"column UserLocationAccesses.LocationMasterLocationID does not exist","level":"error","message":"Error fetching users with roles","timestamp":"2025-04-24 21:10:04"}
{"error":"column UserLocationAccesses.LocationMasterLocationID does not exist","level":"error","message":"Error fetching users with roles","timestamp":"2025-04-24 21:10:05"}
{"error":"column UserLocationAccesses.LocationMasterLocationID does not exist","level":"error","message":"Error fetching users with roles","timestamp":"2025-04-24 21:10:06"}
{"error":"column UserLocationAccesses.LocationMasterLocationID does not exist","level":"error","message":"Error fetching users with roles","timestamp":"2025-04-24 21:10:07"}
{"error":"column UserLocationAccesses.LocationMasterLocationID does not exist","level":"error","message":"Error fetching users with roles","timestamp":"2025-04-24 21:10:08"}
{"error":"column UserLocationAccesses.LocationMasterLocationID does not exist","level":"error","message":"Error fetching users with roles","timestamp":"2025-04-24 21:10:09"}
{"error":"column UserLocationAccesses.LocationMasterLocationID does not exist","level":"error","message":"Error fetching users with roles","timestamp":"2025-04-24 21:10:10"}
{"error":"column UserLocationAccesses.LocationMasterLocationID does not exist","level":"error","message":"Error fetching users with roles","timestamp":"2025-04-24 21:10:11"}
{"error":"column UserLocationAccesses.LocationMasterLocationID does not exist","level":"error","message":"Error fetching users with roles","timestamp":"2025-04-24 21:10:12"}
{"error":"column UserLocationAccesses.LocationMasterLocationID does not exist","level":"error","message":"Error fetching users with roles","timestamp":"2025-04-24 21:10:13"}
{"error":"column UserLocationAccesses.LocationMasterLocationID does not exist","level":"error","message":"Error fetching users with roles","timestamp":"2025-04-24 21:10:14"}
{"error":"column UserLocationAccesses.LocationMasterLocationID does not exist","level":"error","message":"Error fetching users with roles","timestamp":"2025-04-24 21:10:15"}
{"error":"column UserLocationAccesses.LocationMasterLocationID does not exist","level":"error","message":"Error fetching users with roles","timestamp":"2025-04-24 21:10:16"}
{"error":"column UserLocationAccesses.LocationMasterLocationID does not exist","level":"error","message":"Error fetching users with roles","timestamp":"2025-04-24 21:10:17"}
{"error":"column UserLocationAccesses.LocationMasterLocationID does not exist","level":"error","message":"Error fetching users with roles","timestamp":"2025-04-24 21:10:18"}
{"error":"column UserLocationAccesses.LocationMasterLocationID does not exist","level":"error","message":"Error fetching users with roles","timestamp":"2025-04-24 21:10:19"}
{"error":"column UserLocationAccesses.LocationMasterLocationID does not exist","level":"error","message":"Error fetching users with roles","timestamp":"2025-04-24 21:10:20"}
{"error":"column UserLocationAccesses.LocationMasterLocationID does not exist","level":"error","message":"Error fetching users with roles","timestamp":"2025-04-24 21:10:21"}
{"error":"column UserLocationAccesses.LocationMasterLocationID does not exist","level":"error","message":"Error fetching users with roles","timestamp":"2025-04-24 21:10:22"}
{"error":"column UserLocationAccesses.LocationMasterLocationID does not exist","level":"error","message":"Error fetching users with roles","timestamp":"2025-04-24 21:10:23"}
{"error":"column UserLocationAccesses.LocationMasterLocationID does not exist","level":"error","message":"Error fetching users with roles","timestamp":"2025-04-24 21:10:24"}
{"error":"column UserLocationAccesses.LocationMasterLocationID does not exist","level":"error","message":"Error fetching users with roles","timestamp":"2025-04-24 21:10:25"}
{"error":"column UserLocationAccesses.LocationMasterLocationID does not exist","level":"error","message":"Error fetching users with roles","timestamp":"2025-04-24 21:10:26"}
{"error":"column UserLocationAccesses.LocationMasterLocationID does not exist","level":"error","message":"Error fetching users with roles","timestamp":"2025-04-24 21:10:27"}
{"error":"column UserLocationAccesses.LocationMasterLocationID does not exist","level":"error","message":"Error fetching users with roles","timestamp":"2025-04-24 21:10:28"}
{"error":"column UserLocationAccesses.LocationMasterLocationID does not exist","level":"error","message":"Error fetching users with roles","timestamp":"2025-04-24 21:10:29"}
{"error":"column UserLocationAccesses.LocationMasterLocationID does not exist","level":"error","message":"Error fetching users with roles","timestamp":"2025-04-24 21:10:30"}
{"error":"column UserLocationAccesses.LocationMasterLocationID does not exist","level":"error","message":"Error fetching users with roles","timestamp":"2025-04-24 21:10:31"}
{"error":"column UserLocationAccesses.LocationMasterLocationID does not exist","level":"error","message":"Error fetching users with roles","timestamp":"2025-04-24 21:10:32"}
{"error":"column UserLocationAccesses.LocationMasterLocationID does not exist","level":"error","message":"Error fetching users with roles","timestamp":"2025-04-24 21:10:33"}
{"error":"column UserLocationAccesses.LocationMasterLocationID does not exist","level":"error","message":"Error fetching users with roles","timestamp":"2025-04-24 21:10:34"}
{"error":"column UserLocationAccesses.LocationMasterLocationID does not exist","level":"error","message":"Error fetching users with roles","timestamp":"2025-04-24 21:10:35"}
{"error":"column UserLocationAccesses.LocationMasterLocationID does not exist","level":"error","message":"Error fetching users with roles","timestamp":"2025-04-24 21:13:32"}
{"error":"column UserLocationAccesses.LocationMasterLocationID does not exist","level":"error","message":"Error fetching users with roles","timestamp":"2025-04-24 21:13:32"}
{"error":"LocationMaster is associated to UserLocationAccess using an alias. You've included an alias (Location), but it does not match the alias(es) defined in your association (LocationMaster).","level":"error","message":"Error fetching users with roles","timestamp":"2025-04-24 21:22:58"}
{"error":"LocationMaster is associated to UserLocationAccess using an alias. You've included an alias (Location), but it does not match the alias(es) defined in your association (LocationMaster).","level":"error","message":"Error fetching users with roles","timestamp":"2025-04-24 21:22:58"}
{"error":"column UserLocationAccesses.LocationMasterLocationID does not exist","level":"error","message":"Error fetching users with roles","timestamp":"2025-04-24 21:26:11"}
{"error":"column UserLocationAccesses.LocationMasterLocationID does not exist","level":"error","message":"Error fetching users with roles","timestamp":"2025-04-24 21:26:11"}
{"error":"column UserLocationAccesses.LocationMasterLocationID does not exist","level":"error","message":"Error fetching users with roles","timestamp":"2025-04-24 21:29:20"}
{"error":"column UserLocationAccesses.LocationMasterLocationID does not exist","level":"error","message":"Error fetching users with roles","timestamp":"2025-04-24 21:29:20"}
{"error":"column UserLocationAccesses.LocationMasterLocationID does not exist","level":"error","message":"Error fetching users with roles","timestamp":"2025-04-24 21:32:02"}
{"error":"column UserLocationAccesses.LocationMasterLocationID does not exist","level":"error","message":"Error fetching users with roles","timestamp":"2025-04-24 21:32:02"}
{"error":"column UserLocationAccesses.LocationMasterLocationID does not exist","level":"error","message":"Error fetching users with roles","timestamp":"2025-04-24 21:38:48"}
{"error":"column UserLocationAccesses.LocationMasterLocationID does not exist","level":"error","message":"Error fetching users with roles","timestamp":"2025-04-24 21:38:48"}
{"error":"column UserLocationAccesses.LocationMasterLocationID does not exist","level":"error","message":"Error fetching users with roles","timestamp":"2025-04-24 21:42:28"}
{"error":"column UserLocationAccesses.LocationMasterLocationID does not exist","level":"error","message":"Error fetching users with roles","timestamp":"2025-04-24 21:42:28"}
{"error":"column UserLocationAccesses.LocationMasterLocationID does not exist","level":"error","message":"Error fetching users with roles","timestamp":"2025-04-24 21:44:58"}
{"error":"column UserLocationAccesses.LocationMasterLocationID does not exist","level":"error","message":"Error fetching users with roles","timestamp":"2025-04-24 21:44:58"}
{"error":"column UserLocationAccesses.LocationMasterLocationID does not exist","level":"error","message":"Error fetching users with roles","timestamp":"2025-04-24 21:48:26"}
{"error":"column UserLocationAccesses.LocationMasterLocationID does not exist","level":"error","message":"Error fetching users with roles","timestamp":"2025-04-24 21:48:26"}
{"error":"column UserLocationAccesses.LocationMasterLocationID does not exist","level":"error","message":"Error fetching users with roles","timestamp":"2025-04-24 21:51:40"}
{"error":"column UserLocationAccesses.LocationMasterLocationID does not exist","level":"error","message":"Error fetching users with roles","timestamp":"2025-04-24 21:51:40"}
{"error":"column UserLocationAccesses.LocationMasterLocationID does not exist","level":"error","message":"Error fetching users with roles","timestamp":"2025-04-24 21:53:50"}
{"error":"column UserLocationAccesses.LocationMasterLocationID does not exist","level":"error","message":"Error fetching users with roles","timestamp":"2025-04-24 21:53:50"}
{"error":"column UserLocationAccesses.createdAt does not exist","level":"error","message":"Error fetching users with roles","timestamp":"2025-04-24 21:57:24"}
{"error":"column UserLocationAccesses.createdAt does not exist","level":"error","message":"Error fetching users with roles","timestamp":"2025-04-24 21:57:24"}
{"error":"column UserLocationAccesses.LocationMasterLocationID does not exist","level":"error","message":"Error fetching users with roles","timestamp":"2025-04-24 21:59:15"}
{"error":"column UserLocationAccesses.LocationMasterLocationID does not exist","level":"error","message":"Error fetching users with roles","timestamp":"2025-04-24 21:59:15"}
{"error":"database \"Ware_House_Management\" does not exist","level":"error","message":"Error during login","timestamp":"2025-05-01 20:01:31"}
{"email":"palavalasai1@gmail.com","level":"error","message":"Password reset email failed to send","timestamp":"2025-05-01 20:45:32","userId":2}
